mktextfm ptmr8t
mktextfm ptmr8t
mktextfm ptmb8t
mktextfm ptmr8t
mktextfm zptmcm7t
mktextfm zptmcm7t
mktextfm zptmcm7t
mktextfm zptmcm7m
mktextfm zptmcm7m
mktextfm zptmcm7m
mktextfm zptmcm7y
mktextfm zptmcm7y
mktextfm zptmcm7y
mktextfm zptmcm7v
mktextfm zptmcm7v
mktextfm zptmcm7v
mktextfm ptmb7t
mktextfm nullfont
mktextfm ptmb7t
mktextfm nullfont
mktextfm ptmb7t
mktextfm nullfont
mktextfm ptmri7t
mktextfm ptmri7t
mktextfm ptmri7t
mktextfm ptmr8t
mktextfm ptmb8t
mktextfm zptmcm7t
mktextfm zptmcm7t
mktextfm zptmcm7t
mktextfm zptmcm7m
mktextfm zptmcm7m
mktextfm zptmcm7m
mktextfm zptmcm7y
mktextfm zptmcm7y
mktextfm zptmcm7y
mktextfm zptmcm7v
mktextfm zptmcm7v
mktextfm zptmcm7v
mktextfm ptmb7t
mktextfm nullfont
mktextfm ptmb7t
mktextfm nullfont
mktextfm ptmb7t
mktextfm nullfont
mktextfm ptmri7t
mktextfm ptmri7t
mktextfm ptmri7t
mktextfm ptmr8t
mktextfm ptmb8t
mktextfm ptmb8t
mktextfm ptmb8t
mktextfm zptmcm7t
mktextfm zptmcm7t
mktextfm zptmcm7m
mktextfm zptmcm7m
mktextfm zptmcm7y
mktextfm zptmcm7y
mktextfm zptmcm7v
mktextfm zptmcm7v
mktextfm ptmb7t
mktextfm nullfont
mktextfm ptmb7t
mktextfm nullfont
mktextfm ptmri7t
mktextfm ptmri7t
mktextfm ptmr8t
mktextfm ptmr8t
mktextfm ptmri8t
mktextfm ptmr8t
mktextfm ptmr8t
mktextfm ptmb8t
mktextfm ptmr8t
mktextfm zptmcm7t
mktextfm zptmcm7t
mktextfm zptmcm7t
mktextfm zptmcm7m
mktextfm zptmcm7m
mktextfm zptmcm7m
mktextfm zptmcm7y
mktextfm zptmcm7y
mktextfm zptmcm7y
mktextfm zptmcm7v
mktextfm zptmcm7v
mktextfm zptmcm7v
mktextfm ptmb7t
mktextfm nullfont
mktextfm ptmb7t
mktextfm nullfont
mktextfm ptmb7t
mktextfm nullfont
mktextfm ptmri7t
mktextfm ptmri7t
mktextfm ptmri7t
mktextfm ptmr8t
mktextfm ptmb8t
mktextfm zptmcm7t
mktextfm zptmcm7t
mktextfm zptmcm7t
mktextfm zptmcm7m
mktextfm zptmcm7m
mktextfm zptmcm7m
mktextfm zptmcm7y
mktextfm zptmcm7y
mktextfm zptmcm7y
mktextfm zptmcm7v
mktextfm zptmcm7v
mktextfm zptmcm7v
mktextfm ptmb7t
mktextfm nullfont
mktextfm ptmb7t
mktextfm nullfont
mktextfm ptmb7t
mktextfm nullfont
mktextfm ptmri7t
mktextfm ptmri7t
mktextfm ptmri7t
mktextfm ptmr8t
mktextfm ptmb8t
mktextfm ptmb8t
mktextfm ptmb8t
mktextfm zptmcm7t
mktextfm zptmcm7t
mktextfm zptmcm7m
mktextfm zptmcm7m
mktextfm zptmcm7y
mktextfm zptmcm7y
mktextfm zptmcm7v
mktextfm zptmcm7v
mktextfm ptmb7t
mktextfm nullfont
mktextfm ptmb7t
mktextfm nullfont
mktextfm ptmri7t
mktextfm ptmri7t
mktextfm ptmr8t
mktextfm ptmr8t
mktextfm ptmri8t
mktextfm ptmr8t
mktextfm ptmr8t
mktextfm ptmb8t
mktextfm ptmr8t
mktextfm zptmcm7t
mktextfm zptmcm7t
mktextfm zptmcm7t
mktextfm zptmcm7m
mktextfm zptmcm7m
mktextfm zptmcm7m
mktextfm zptmcm7y
mktextfm zptmcm7y
mktextfm zptmcm7y
mktextfm zptmcm7v
mktextfm zptmcm7v
mktextfm zptmcm7v
mktextfm ptmb7t
mktextfm nullfont
mktextfm ptmb7t
mktextfm nullfont
mktextfm ptmb7t
mktextfm nullfont
mktextfm ptmri7t
mktextfm ptmri7t
mktextfm ptmri7t
mktextfm ptmr8t
mktextfm ptmb8t
mktextfm zptmcm7t
mktextfm zptmcm7t
mktextfm zptmcm7t
mktextfm zptmcm7m
mktextfm zptmcm7m
mktextfm zptmcm7m
mktextfm zptmcm7y
mktextfm zptmcm7y
mktextfm zptmcm7y
mktextfm zptmcm7v
mktextfm zptmcm7v
mktextfm zptmcm7v
mktextfm ptmb7t
mktextfm nullfont
mktextfm ptmb7t
mktextfm nullfont
mktextfm ptmb7t
mktextfm nullfont
mktextfm ptmri7t
mktextfm ptmri7t
mktextfm ptmri7t
mktextfm ptmr8t
mktextfm ptmb8t
mktextfm ptmb8t
mktextfm zptmcm7t
mktextfm zptmcm7t
mktextfm zptmcm7m
mktextfm zptmcm7m
mktextfm zptmcm7y
mktextfm zptmcm7y
mktextfm zptmcm7v
mktextfm zptmcm7v
mktextfm ptmb7t
mktextfm nullfont
mktextfm ptmb7t
mktextfm nullfont
mktextfm ptmri7t
mktextfm ptmri7t
mktextfm ptmr8t
mktextfm ptmr8t
mktextfm ptmb8t
mktextfm ptmri8t
mktextfm ptmr8t
mktextfm ptmr8t
mktextfm ptmb8t
mktextfm ptmr8t
mktextfm zptmcm7t
mktextfm zptmcm7t
mktextfm zptmcm7t
mktextfm zptmcm7m
mktextfm zptmcm7m
mktextfm zptmcm7m
mktextfm zptmcm7y
mktextfm zptmcm7y
mktextfm zptmcm7y
mktextfm zptmcm7v
mktextfm zptmcm7v
mktextfm zptmcm7v
mktextfm ptmb7t
mktextfm nullfont
mktextfm ptmb7t
mktextfm nullfont
mktextfm ptmb7t
mktextfm nullfont
mktextfm ptmri7t
mktextfm ptmri7t
mktextfm ptmri7t
mktextfm ptmr8t
mktextfm ptmb8t
mktextfm zptmcm7t
mktextfm zptmcm7t
mktextfm zptmcm7t
mktextfm zptmcm7m
mktextfm zptmcm7m
mktextfm zptmcm7m
mktextfm zptmcm7y
mktextfm zptmcm7y
mktextfm zptmcm7y
mktextfm zptmcm7v
mktextfm zptmcm7v
mktextfm zptmcm7v
mktextfm ptmb7t
mktextfm nullfont
mktextfm ptmb7t
mktextfm nullfont
mktextfm ptmb7t
mktextfm nullfont
mktextfm ptmri7t
mktextfm ptmri7t
mktextfm ptmri7t
mktextfm ptmr8t
mktextfm ptmb8t
mktextfm ptmb8t
mktextfm zptmcm7t
mktextfm zptmcm7t
mktextfm zptmcm7m
mktextfm zptmcm7m
mktextfm zptmcm7y
mktextfm zptmcm7y
mktextfm zptmcm7v
mktextfm zptmcm7v
mktextfm ptmb7t
mktextfm nullfont
mktextfm ptmb7t
mktextfm nullfont
mktextfm ptmri7t
mktextfm ptmri7t
mktextfm ptmr8t
mktextfm ptmr8t
mktextfm ptmb8t
mktextfm ptmri8t
